[04-Apr-2019 19:32:09 Europe/Berlin] PHP Notice:  Undefined variable: _row in C:\Users\smile\Desktop\Code\Html\ManaSystem\login.php on line 14
[04-Apr-2019 19:35:59 Europe/Berlin] PHP Notice:  Undefined variable: _row in C:\Users\smile\Desktop\Code\Html\ManaSystem\login.php on line 14
[05-Apr-2019 08:56:53 Europe/Berlin] PHP Warning:  include(): Filename cannot be empty in C:\Users\smile\Desktop\Code\Html\ManaSystem\stu_func_control.php on line 4
[05-Apr-2019 08:56:53 Europe/Berlin] PHP Warning:  include(): Failed opening '' for inclusion (include_path='D:\xampp\php\PEAR') in C:\Users\smile\Desktop\Code\Html\ManaSystem\stu_func_control.php on line 4
[05-Apr-2019 08:56:53 Europe/Berlin] PHP Fatal error:  Uncaught Error: Call to undefined function table_echo() in C:\Users\smile\Desktop\Code\Html\ManaSystem\stu_func_control.php:37
Stack trace:
#0 C:\Users\smile\Desktop\Code\Html\ManaSystem\secretary.php(68): include()
#1 {main}
  thrown in C:\Users\smile\Desktop\Code\Html\ManaSystem\stu_func_control.php on line 37
[05-Apr-2019 09:01:04 Europe/Berlin] PHP Fatal error:  Uncaught Error: Call to undefined function table_echo() in C:\Users\smile\Desktop\Code\Html\ManaSystem\stu_func_control.php:27
Stack trace:
#0 C:\Users\smile\Desktop\Code\Html\ManaSystem\secretary.php(68): include()
#1 {main}
  thrown in C:\Users\smile\Desktop\Code\Html\ManaSystem\stu_func_control.php on line 27
[05-Apr-2019 16:21:49 PRC] PHP Warning:  include(header.php): failed to open stream: No such file or directory in C:\Users\smile\Desktop\Code\Html\ManaSystem\student_func\student.php on line 8
[05-Apr-2019 16:21:49 PRC] PHP Warning:  include(): Failed opening 'header.php' for inclusion (include_path='D:\xampp\php\PEAR') in C:\Users\smile\Desktop\Code\Html\ManaSystem\student_func\student.php on line 8
[05-Apr-2019 16:23:12 PRC] PHP Notice:  Undefined index: account in C:\Users\smile\Desktop\Code\Html\ManaSystem\login.php on line 3
[05-Apr-2019 16:23:12 PRC] PHP Notice:  Undefined index: passwd in C:\Users\smile\Desktop\Code\Html\ManaSystem\login.php on line 4
[05-Apr-2019 16:26:07 PRC] PHP Warning:  include(link.php): failed to open stream: No such file or directory in C:\Users\smile\Desktop\Code\Html\ManaSystem\student_func\s_topic.php on line 2
[05-Apr-2019 16:26:07 PRC] PHP Warning:  include(): Failed opening 'link.php' for inclusion (include_path='D:\xampp\php\PEAR') in C:\Users\smile\Desktop\Code\Html\ManaSystem\student_func\s_topic.php on line 2
[05-Apr-2019 16:26:07 PRC] PHP Warning:  include(stu_query_control.php): failed to open stream: No such file or directory in C:\Users\smile\Desktop\Code\Html\ManaSystem\student_func\s_topic.php on line 3
[05-Apr-2019 16:26:07 PRC] PHP Warning:  include(): Failed opening 'stu_query_control.php' for inclusion (include_path='D:\xampp\php\PEAR') in C:\Users\smile\Desktop\Code\Html\ManaSystem\student_func\s_topic.php on line 3
[05-Apr-2019 16:26:07 PRC] PHP Notice:  Undefined variable: link in C:\Users\smile\Desktop\Code\Html\ManaSystem\student_func\s_topic.php on line 7
[05-Apr-2019 16:26:07 PRC] PHP Warning:  mysqli_query() expects parameter 1 to be mysqli, null given in C:\Users\smile\Desktop\Code\Html\ManaSystem\student_func\s_topic.php on line 7
[05-Apr-2019 16:26:07 PRC] PHP Notice:  Undefined variable: link in C:\Users\smile\Desktop\Code\Html\ManaSystem\student_func\s_topic.php on line 8
[05-Apr-2019 16:26:07 PRC] PHP Warning:  mysqli_query() expects parameter 1 to be mysqli, null given in C:\Users\smile\Desktop\Code\Html\ManaSystem\student_func\s_topic.php on line 8
[05-Apr-2019 16:26:07 PRC] PHP Notice:  Undefined variable: link in C:\Users\smile\Desktop\Code\Html\ManaSystem\student_func\s_topic.php on line 9
[05-Apr-2019 16:26:07 PRC] PHP Warning:  mysqli_query() expects parameter 1 to be mysqli, null given in C:\Users\smile\Desktop\Code\Html\ManaSystem\student_func\s_topic.php on line 9
[05-Apr-2019 16:26:07 PRC] PHP Warning:  mysqli_num_rows() expects parameter 1 to be mysqli_result, null given in C:\Users\smile\Desktop\Code\Html\ManaSystem\student_func\s_topic.php on line 10
[05-Apr-2019 16:26:07 PRC] PHP Warning:  mysqli_fetch_array() expects parameter 1 to be mysqli_result, null given in C:\Users\smile\Desktop\Code\Html\ManaSystem\student_func\s_topic.php on line 11
[05-Apr-2019 16:26:07 PRC] PHP Warning:  mysqli_num_rows() expects parameter 1 to be mysqli_result, null given in C:\Users\smile\Desktop\Code\Html\ManaSystem\student_func\s_topic.php on line 12
[05-Apr-2019 16:26:07 PRC] PHP Warning:  mysqli_num_rows() expects parameter 1 to be mysqli_result, null given in C:\Users\smile\Desktop\Code\Html\ManaSystem\student_func\s_topic.php on line 13
[05-Apr-2019 16:26:07 PRC] PHP Notice:  Undefined variable: row_control in C:\Users\smile\Desktop\Code\Html\ManaSystem\student_func\s_topic.php on line 129
[05-Apr-2019 16:27:14 PRC] PHP Warning:  include(../secretary/stu_query_control.php): failed to open stream: No such file or directory in C:\Users\smile\Desktop\Code\Html\ManaSystem\student_func\s_topic.php on line 3
[05-Apr-2019 16:27:14 PRC] PHP Warning:  include(): Failed opening '../secretary/stu_query_control.php' for inclusion (include_path='D:\xampp\php\PEAR') in C:\Users\smile\Desktop\Code\Html\ManaSystem\student_func\s_topic.php on line 3
[05-Apr-2019 16:27:14 PRC] PHP Notice:  Undefined variable: row_control in C:\Users\smile\Desktop\Code\Html\ManaSystem\student_func\s_topic.php on line 129
[05-Apr-2019 16:27:45 PRC] PHP Warning:  include(../secretary_func/stu_query_control.php): failed to open stream: No such file or directory in C:\Users\smile\Desktop\Code\Html\ManaSystem\student_func\s_topic.php on line 3
[05-Apr-2019 16:27:45 PRC] PHP Warning:  include(): Failed opening '../secretary_func/stu_query_control.php' for inclusion (include_path='D:\xampp\php\PEAR') in C:\Users\smile\Desktop\Code\Html\ManaSystem\student_func\s_topic.php on line 3
[05-Apr-2019 16:27:45 PRC] PHP Notice:  Undefined variable: row_control in C:\Users\smile\Desktop\Code\Html\ManaSystem\student_func\s_topic.php on line 129
[05-Apr-2019 16:28:20 PRC] PHP Warning:  include(link.php): failed to open stream: No such file or directory in C:\Users\smile\Desktop\Code\Html\ManaSystem\student_func\task_book_detail.php on line 2
[05-Apr-2019 16:28:20 PRC] PHP Warning:  include(): Failed opening 'link.php' for inclusion (include_path='D:\xampp\php\PEAR') in C:\Users\smile\Desktop\Code\Html\ManaSystem\student_func\task_book_detail.php on line 2
[05-Apr-2019 16:28:20 PRC] PHP Notice:  Undefined variable: link in C:\Users\smile\Desktop\Code\Html\ManaSystem\student_func\task_book_detail.php on line 11
[05-Apr-2019 16:28:20 PRC] PHP Warning:  mysqli_query() expects parameter 1 to be mysqli, null given in C:\Users\smile\Desktop\Code\Html\ManaSystem\student_func\task_book_detail.php on line 11
[05-Apr-2019 16:28:20 PRC] PHP Warning:  mysqli_num_rows() expects parameter 1 to be mysqli_result, null given in C:\Users\smile\Desktop\Code\Html\ManaSystem\student_func\task_book_detail.php on line 25
[05-Apr-2019 16:28:20 PRC] PHP Warning:  mysqli_fetch_array() expects parameter 1 to be mysqli_result, null given in C:\Users\smile\Desktop\Code\Html\ManaSystem\student_func\task_book_detail.php on line 26
[05-Apr-2019 16:29:40 PRC] PHP Warning:  include(header.php): failed to open stream: No such file or directory in C:\Users\smile\Desktop\Code\Html\ManaSystem\tutor_func\tutor.php on line 8
[05-Apr-2019 16:29:40 PRC] PHP Warning:  include(): Failed opening 'header.php' for inclusion (include_path='D:\xampp\php\PEAR') in C:\Users\smile\Desktop\Code\Html\ManaSystem\tutor_func\tutor.php on line 8
[05-Apr-2019 16:30:37 PRC] PHP Warning:  include(link.php): failed to open stream: No such file or directory in C:\Users\smile\Desktop\Code\Html\ManaSystem\tutor_func\t_topic.php on line 2
[05-Apr-2019 16:30:37 PRC] PHP Warning:  include(): Failed opening 'link.php' for inclusion (include_path='D:\xampp\php\PEAR') in C:\Users\smile\Desktop\Code\Html\ManaSystem\tutor_func\t_topic.php on line 2
[05-Apr-2019 16:30:37 PRC] PHP Notice:  Undefined variable: link in C:\Users\smile\Desktop\Code\Html\ManaSystem\tutor_func\t_topic.php on line 5
[05-Apr-2019 16:30:37 PRC] PHP Warning:  mysqli_query() expects parameter 1 to be mysqli, null given in C:\Users\smile\Desktop\Code\Html\ManaSystem\tutor_func\t_topic.php on line 5
[05-Apr-2019 16:30:37 PRC] PHP Notice:  Undefined variable: link in C:\Users\smile\Desktop\Code\Html\ManaSystem\tutor_func\t_topic.php on line 6
[05-Apr-2019 16:30:37 PRC] PHP Warning:  mysqli_query() expects parameter 1 to be mysqli, null given in C:\Users\smile\Desktop\Code\Html\ManaSystem\tutor_func\t_topic.php on line 6
[05-Apr-2019 16:30:37 PRC] PHP Warning:  mysqli_num_rows() expects parameter 1 to be mysqli_result, null given in C:\Users\smile\Desktop\Code\Html\ManaSystem\tutor_func\t_topic.php on line 7
[05-Apr-2019 16:30:37 PRC] PHP Notice:  Undefined variable: link in C:\Users\smile\Desktop\Code\Html\ManaSystem\tutor_func\t_topic.php on line 86
[05-Apr-2019 16:31:00 PRC] PHP Warning:  include(link.php): failed to open stream: No such file or directory in C:\Users\smile\Desktop\Code\Html\ManaSystem\tutor_func\chose_student.php on line 2
[05-Apr-2019 16:31:00 PRC] PHP Warning:  include(): Failed opening 'link.php' for inclusion (include_path='D:\xampp\php\PEAR') in C:\Users\smile\Desktop\Code\Html\ManaSystem\tutor_func\chose_student.php on line 2
[05-Apr-2019 16:31:00 PRC] PHP Notice:  Undefined variable: link in C:\Users\smile\Desktop\Code\Html\ManaSystem\tutor_func\chose_student.php on line 5
[05-Apr-2019 16:31:00 PRC] PHP Warning:  mysqli_query() expects parameter 1 to be mysqli, null given in C:\Users\smile\Desktop\Code\Html\ManaSystem\tutor_func\chose_student.php on line 5
[05-Apr-2019 16:31:00 PRC] PHP Notice:  Undefined variable: link in C:\Users\smile\Desktop\Code\Html\ManaSystem\tutor_func\chose_student.php on line 90
[05-Apr-2019 16:31:00 PRC] PHP Warning:  mysqli_num_rows() expects parameter 1 to be mysqli_result, null given in C:\Users\smile\Desktop\Code\Html\ManaSystem\tutor_func\chose_student.php on line 11
[05-Apr-2019 16:31:12 PRC] PHP Warning:  include(link.php): failed to open stream: No such file or directory in C:\Users\smile\Desktop\Code\Html\ManaSystem\tutor_func\t_task_book.php on line 2
[05-Apr-2019 16:31:12 PRC] PHP Warning:  include(): Failed opening 'link.php' for inclusion (include_path='D:\xampp\php\PEAR') in C:\Users\smile\Desktop\Code\Html\ManaSystem\tutor_func\t_task_book.php on line 2
[05-Apr-2019 16:31:12 PRC] PHP Notice:  Undefined variable: link in C:\Users\smile\Desktop\Code\Html\ManaSystem\tutor_func\t_task_book.php on line 5
[05-Apr-2019 16:31:12 PRC] PHP Warning:  mysqli_query() expects parameter 1 to be mysqli, null given in C:\Users\smile\Desktop\Code\Html\ManaSystem\tutor_func\t_task_book.php on line 5
[05-Apr-2019 16:31:12 PRC] PHP Notice:  Undefined variable: link in C:\Users\smile\Desktop\Code\Html\ManaSystem\tutor_func\t_task_book.php on line 98
[05-Apr-2019 16:31:12 PRC] PHP Warning:  mysqli_num_rows() expects parameter 1 to be mysqli_result, null given in C:\Users\smile\Desktop\Code\Html\ManaSystem\tutor_func\t_task_book.php on line 11
[05-Apr-2019 16:31:42 PRC] PHP Warning:  include(header.php): failed to open stream: No such file or directory in C:\Users\smile\Desktop\Code\Html\ManaSystem\secretary_func\secretary.php on line 8
[05-Apr-2019 16:31:42 PRC] PHP Warning:  include(): Failed opening 'header.php' for inclusion (include_path='D:\xampp\php\PEAR') in C:\Users\smile\Desktop\Code\Html\ManaSystem\secretary_func\secretary.php on line 8
[05-Apr-2019 16:31:52 PRC] PHP Warning:  include(link.php): failed to open stream: No such file or directory in C:\Users\smile\Desktop\Code\Html\ManaSystem\secretary_func\review_topic.php on line 2
[05-Apr-2019 16:31:52 PRC] PHP Warning:  include(): Failed opening 'link.php' for inclusion (include_path='D:\xampp\php\PEAR') in C:\Users\smile\Desktop\Code\Html\ManaSystem\secretary_func\review_topic.php on line 2
[05-Apr-2019 16:31:52 PRC] PHP Notice:  Undefined variable: link in C:\Users\smile\Desktop\Code\Html\ManaSystem\secretary_func\review_topic.php on line 4
[05-Apr-2019 16:31:52 PRC] PHP Warning:  mysqli_query() expects parameter 1 to be mysqli, null given in C:\Users\smile\Desktop\Code\Html\ManaSystem\secretary_func\review_topic.php on line 4
[05-Apr-2019 16:31:52 PRC] PHP Notice:  Undefined variable: link in C:\Users\smile\Desktop\Code\Html\ManaSystem\secretary_func\review_topic.php on line 74
[05-Apr-2019 16:31:52 PRC] PHP Warning:  mysqli_num_rows() expects parameter 1 to be mysqli_result, null given in C:\Users\smile\Desktop\Code\Html\ManaSystem\secretary_func\review_topic.php on line 7
[05-Apr-2019 16:31:52 PRC] PHP Warning:  include(link.php): failed to open stream: No such file or directory in C:\Users\smile\Desktop\Code\Html\ManaSystem\secretary_func\review_topic.php on line 83
[05-Apr-2019 16:31:52 PRC] PHP Warning:  include(): Failed opening 'link.php' for inclusion (include_path='D:\xampp\php\PEAR') in C:\Users\smile\Desktop\Code\Html\ManaSystem\secretary_func\review_topic.php on line 83
[05-Apr-2019 16:31:52 PRC] PHP Notice:  Undefined variable: link in C:\Users\smile\Desktop\Code\Html\ManaSystem\secretary_func\review_topic.php on line 86
[05-Apr-2019 16:31:52 PRC] PHP Warning:  mysqli_query() expects parameter 1 to be mysqli, null given in C:\Users\smile\Desktop\Code\Html\ManaSystem\secretary_func\review_topic.php on line 86
[05-Apr-2019 16:31:52 PRC] PHP Warning:  mysqli_num_rows() expects parameter 1 to be mysqli_result, null given in C:\Users\smile\Desktop\Code\Html\ManaSystem\secretary_func\review_topic.php on line 87
[05-Apr-2019 16:32:02 PRC] PHP Warning:  include(link.php): failed to open stream: No such file or directory in C:\Users\smile\Desktop\Code\Html\ManaSystem\secretary_func\review_topic.php on line 83
[05-Apr-2019 16:32:02 PRC] PHP Warning:  include(): Failed opening 'link.php' for inclusion (include_path='D:\xampp\php\PEAR') in C:\Users\smile\Desktop\Code\Html\ManaSystem\secretary_func\review_topic.php on line 83
[05-Apr-2019 16:32:17 PRC] PHP Warning:  include(t_task_book.php): failed to open stream: No such file or directory in C:\Users\smile\Desktop\Code\Html\ManaSystem\secretary_func\secretary.php on line 64
[05-Apr-2019 16:32:17 PRC] PHP Warning:  include(): Failed opening 't_task_book.php' for inclusion (include_path='D:\xampp\php\PEAR') in C:\Users\smile\Desktop\Code\Html\ManaSystem\secretary_func\secretary.php on line 64
[05-Apr-2019 16:33:47 PRC] PHP Warning:  include(t_task_book.php): failed to open stream: No such file or directory in C:\Users\smile\Desktop\Code\Html\ManaSystem\secretary_func\secretary.php on line 64
[05-Apr-2019 16:33:47 PRC] PHP Warning:  include(): Failed opening 't_task_book.php' for inclusion (include_path='D:\xampp\php\PEAR') in C:\Users\smile\Desktop\Code\Html\ManaSystem\secretary_func\secretary.php on line 64
[05-Apr-2019 16:33:51 PRC] PHP Warning:  include(link.php): failed to open stream: No such file or directory in C:\Users\smile\Desktop\Code\Html\ManaSystem\secretary_func\stu_func_control.php on line 4
[05-Apr-2019 16:33:51 PRC] PHP Warning:  include(): Failed opening 'link.php' for inclusion (include_path='D:\xampp\php\PEAR') in C:\Users\smile\Desktop\Code\Html\ManaSystem\secretary_func\stu_func_control.php on line 4
[05-Apr-2019 16:33:51 PRC] PHP Warning:  include(stu_query_control.php): failed to open stream: No such file or directory in C:\Users\smile\Desktop\Code\Html\ManaSystem\secretary_func\stu_func_control.php on line 5
[05-Apr-2019 16:33:51 PRC] PHP Warning:  include(): Failed opening 'stu_query_control.php' for inclusion (include_path='D:\xampp\php\PEAR') in C:\Users\smile\Desktop\Code\Html\ManaSystem\secretary_func\stu_func_control.php on line 5
[05-Apr-2019 16:33:51 PRC] PHP Notice:  Undefined variable: link in C:\Users\smile\Desktop\Code\Html\ManaSystem\secretary_func\stu_func_control.php on line 30
[05-Apr-2019 16:33:51 PRC] PHP Warning:  mysqli_query() expects parameter 1 to be mysqli, null given in C:\Users\smile\Desktop\Code\Html\ManaSystem\secretary_func\stu_func_control.php on line 30
[05-Apr-2019 16:33:51 PRC] PHP Notice:  Undefined variable: link in C:\Users\smile\Desktop\Code\Html\ManaSystem\secretary_func\stu_func_control.php on line 31
[05-Apr-2019 16:33:51 PRC] PHP Warning:  mysqli_query() expects parameter 1 to be mysqli, null given in C:\Users\smile\Desktop\Code\Html\ManaSystem\secretary_func\stu_func_control.php on line 31
[05-Apr-2019 16:33:51 PRC] PHP Warning:  mysqli_num_rows() expects parameter 1 to be mysqli_result, null given in C:\Users\smile\Desktop\Code\Html\ManaSystem\secretary_func\stu_func_control.php on line 32
[05-Apr-2019 16:33:51 PRC] PHP Warning:  mysqli_num_rows() expects parameter 1 to be mysqli_result, null given in C:\Users\smile\Desktop\Code\Html\ManaSystem\secretary_func\stu_func_control.php on line 33
[05-Apr-2019 16:33:51 PRC] PHP Notice:  Undefined variable: row_control in C:\Users\smile\Desktop\Code\Html\ManaSystem\secretary_func\stu_func_control.php on line 47
[05-Apr-2019 16:33:57 PRC] PHP Warning:  include(t_task_book.php): failed to open stream: No such file or directory in C:\Users\smile\Desktop\Code\Html\ManaSystem\secretary_func\secretary.php on line 64
[05-Apr-2019 16:33:57 PRC] PHP Warning:  include(): Failed opening 't_task_book.php' for inclusion (include_path='D:\xampp\php\PEAR') in C:\Users\smile\Desktop\Code\Html\ManaSystem\secretary_func\secretary.php on line 64
[05-Apr-2019 16:38:09 PRC] PHP Warning:  include(s_topic.php): failed to open stream: No such file or directory in C:\Users\smile\Desktop\Code\Html\ManaSystem\student_func\student.php on line 85
[05-Apr-2019 16:38:09 PRC] PHP Warning:  include(): Failed opening 's_topic.php' for inclusion (include_path='D:\xampp\php\PEAR') in C:\Users\smile\Desktop\Code\Html\ManaSystem\student_func\student.php on line 85
[05-Apr-2019 16:38:14 PRC] PHP Warning:  include(s_topic.php): failed to open stream: No such file or directory in C:\Users\smile\Desktop\Code\Html\ManaSystem\student_func\student.php on line 85
[05-Apr-2019 16:38:14 PRC] PHP Warning:  include(): Failed opening 's_topic.php' for inclusion (include_path='D:\xampp\php\PEAR') in C:\Users\smile\Desktop\Code\Html\ManaSystem\student_func\student.php on line 85
[05-Apr-2019 16:38:46 PRC] PHP Warning:  include(../secretary_func/query_stu_control.php): failed to open stream: No such file or directory in C:\Users\smile\Desktop\Code\Html\ManaSystem\student_func\stu_topic.php on line 3
[05-Apr-2019 16:38:46 PRC] PHP Warning:  include(): Failed opening '../secretary_func/query_stu_control.php' for inclusion (include_path='D:\xampp\php\PEAR') in C:\Users\smile\Desktop\Code\Html\ManaSystem\student_func\stu_topic.php on line 3
[05-Apr-2019 16:38:46 PRC] PHP Notice:  Undefined variable: row_control in C:\Users\smile\Desktop\Code\Html\ManaSystem\student_func\stu_topic.php on line 129
[05-Apr-2019 16:39:08 PRC] PHP Warning:  include(task_book_detail.php): failed to open stream: No such file or directory in C:\Users\smile\Desktop\Code\Html\ManaSystem\student_func\student.php on line 89
[05-Apr-2019 16:39:08 PRC] PHP Warning:  include(): Failed opening 'task_book_detail.php' for inclusion (include_path='D:\xampp\php\PEAR') in C:\Users\smile\Desktop\Code\Html\ManaSystem\student_func\student.php on line 89
[05-Apr-2019 16:39:35 PRC] PHP Warning:  include(topic_detail.php): failed to open stream: No such file or directory in C:\Users\smile\Desktop\Code\Html\ManaSystem\tutor_func\tutor.php on line 83
[05-Apr-2019 16:39:35 PRC] PHP Warning:  include(): Failed opening 'topic_detail.php' for inclusion (include_path='D:\xampp\php\PEAR') in C:\Users\smile\Desktop\Code\Html\ManaSystem\tutor_func\tutor.php on line 83
[05-Apr-2019 16:41:42 PRC] PHP Warning:  include(stu_func_control.php): failed to open stream: No such file or directory in C:\Users\smile\Desktop\Code\Html\ManaSystem\secretary_func\secretary.php on line 68
[05-Apr-2019 16:41:42 PRC] PHP Warning:  include(): Failed opening 'stu_func_control.php' for inclusion (include_path='D:\xampp\php\PEAR') in C:\Users\smile\Desktop\Code\Html\ManaSystem\secretary_func\secretary.php on line 68
[05-Apr-2019 16:41:45 PRC] PHP Warning:  include(review_topic.php): failed to open stream: No such file or directory in C:\Users\smile\Desktop\Code\Html\ManaSystem\secretary_func\secretary.php on line 54
[05-Apr-2019 16:41:45 PRC] PHP Warning:  include(): Failed opening 'review_topic.php' for inclusion (include_path='D:\xampp\php\PEAR') in C:\Users\smile\Desktop\Code\Html\ManaSystem\secretary_func\secretary.php on line 54
[05-Apr-2019 16:43:27 PRC] PHP Warning:  include(link.php): failed to open stream: No such file or directory in C:\Users\smile\Desktop\Code\Html\ManaSystem\tutor_func\t_add_topic.php on line 17
[05-Apr-2019 16:43:27 PRC] PHP Warning:  include(): Failed opening 'link.php' for inclusion (include_path='D:\xampp\php\PEAR') in C:\Users\smile\Desktop\Code\Html\ManaSystem\tutor_func\t_add_topic.php on line 17
[05-Apr-2019 16:43:27 PRC] PHP Notice:  Undefined variable: link in C:\Users\smile\Desktop\Code\Html\ManaSystem\tutor_func\t_add_topic.php on line 56
[05-Apr-2019 16:43:27 PRC] PHP Warning:  mysqli_query() expects parameter 1 to be mysqli, null given in C:\Users\smile\Desktop\Code\Html\ManaSystem\tutor_func\t_add_topic.php on line 56
[05-Apr-2019 16:43:27 PRC] PHP Notice:  Undefined variable: link in C:\Users\smile\Desktop\Code\Html\ManaSystem\tutor_func\t_add_topic.php on line 58
[05-Apr-2019 16:43:27 PRC] PHP Warning:  mysqli_close() expects parameter 1 to be mysqli, null given in C:\Users\smile\Desktop\Code\Html\ManaSystem\tutor_func\t_add_topic.php on line 58
[05-Apr-2019 16:43:38 PRC] PHP Warning:  include(link.php): failed to open stream: No such file or directory in C:\Users\smile\Desktop\Code\Html\ManaSystem\tutor_func\t_add_topic.php on line 17
[05-Apr-2019 16:43:38 PRC] PHP Warning:  include(): Failed opening 'link.php' for inclusion (include_path='D:\xampp\php\PEAR') in C:\Users\smile\Desktop\Code\Html\ManaSystem\tutor_func\t_add_topic.php on line 17
[05-Apr-2019 16:43:38 PRC] PHP Notice:  Undefined variable: link in C:\Users\smile\Desktop\Code\Html\ManaSystem\tutor_func\t_add_topic.php on line 56
[05-Apr-2019 16:43:38 PRC] PHP Warning:  mysqli_query() expects parameter 1 to be mysqli, null given in C:\Users\smile\Desktop\Code\Html\ManaSystem\tutor_func\t_add_topic.php on line 56
[05-Apr-2019 16:43:38 PRC] PHP Notice:  Undefined variable: link in C:\Users\smile\Desktop\Code\Html\ManaSystem\tutor_func\t_add_topic.php on line 58
[05-Apr-2019 16:43:38 PRC] PHP Warning:  mysqli_close() expects parameter 1 to be mysqli, null given in C:\Users\smile\Desktop\Code\Html\ManaSystem\tutor_func\t_add_topic.php on line 58
[05-Apr-2019 16:48:50 PRC] PHP Warning:  include(topic_detail.php): failed to open stream: No such file or directory in C:\Users\smile\Desktop\Code\Html\ManaSystem\tutor_func\tutor.php on line 83
[05-Apr-2019 16:48:50 PRC] PHP Warning:  include(): Failed opening 'topic_detail.php' for inclusion (include_path='D:\xampp\php\PEAR') in C:\Users\smile\Desktop\Code\Html\ManaSystem\tutor_func\tutor.php on line 83
[05-Apr-2019 16:49:26 PRC] PHP Warning:  include(topic_detail.php): failed to open stream: No such file or directory in C:\Users\smile\Desktop\Code\Html\ManaSystem\tutor_func\tutor.php on line 83
[05-Apr-2019 16:49:26 PRC] PHP Warning:  include(): Failed opening 'topic_detail.php' for inclusion (include_path='D:\xampp\php\PEAR') in C:\Users\smile\Desktop\Code\Html\ManaSystem\tutor_func\tutor.php on line 83
[05-Apr-2019 16:50:01 PRC] PHP Warning:  include(link.php): failed to open stream: No such file or directory in C:\Users\smile\Desktop\Code\Html\ManaSystem\tutor_func\t_topic_detail.php on line 2
[05-Apr-2019 16:50:01 PRC] PHP Warning:  include(): Failed opening 'link.php' for inclusion (include_path='D:\xampp\php\PEAR') in C:\Users\smile\Desktop\Code\Html\ManaSystem\tutor_func\t_topic_detail.php on line 2
[05-Apr-2019 16:50:01 PRC] PHP Notice:  Undefined variable: link in C:\Users\smile\Desktop\Code\Html\ManaSystem\tutor_func\t_topic_detail.php on line 7
[05-Apr-2019 16:50:01 PRC] PHP Warning:  mysqli_query() expects parameter 1 to be mysqli, null given in C:\Users\smile\Desktop\Code\Html\ManaSystem\tutor_func\t_topic_detail.php on line 7
[05-Apr-2019 16:50:01 PRC] PHP Warning:  mysqli_fetch_array() expects parameter 1 to be mysqli_result, null given in C:\Users\smile\Desktop\Code\Html\ManaSystem\tutor_func\t_topic_detail.php on line 22
[05-Apr-2019 16:50:22 PRC] PHP Warning:  include(chose_student.php): failed to open stream: No such file or directory in C:\Users\smile\Desktop\Code\Html\ManaSystem\tutor_func\tutor.php on line 91
[05-Apr-2019 16:50:22 PRC] PHP Warning:  include(): Failed opening 'chose_student.php' for inclusion (include_path='D:\xampp\php\PEAR') in C:\Users\smile\Desktop\Code\Html\ManaSystem\tutor_func\tutor.php on line 91
[05-Apr-2019 16:51:28 PRC] PHP Warning:  include(chose_student.php): failed to open stream: No such file or directory in C:\Users\smile\Desktop\Code\Html\ManaSystem\tutor_func\tutor.php on line 91
[05-Apr-2019 16:51:28 PRC] PHP Warning:  include(): Failed opening 'chose_student.php' for inclusion (include_path='D:\xampp\php\PEAR') in C:\Users\smile\Desktop\Code\Html\ManaSystem\tutor_func\tutor.php on line 91
[05-Apr-2019 16:51:29 PRC] PHP Warning:  include(chose_student.php): failed to open stream: No such file or directory in C:\Users\smile\Desktop\Code\Html\ManaSystem\tutor_func\tutor.php on line 91
[05-Apr-2019 16:51:29 PRC] PHP Warning:  include(): Failed opening 'chose_student.php' for inclusion (include_path='D:\xampp\php\PEAR') in C:\Users\smile\Desktop\Code\Html\ManaSystem\tutor_func\tutor.php on line 91
[05-Apr-2019 16:52:33 PRC] PHP Warning:  include(review_topic.php): failed to open stream: No such file or directory in C:\Users\smile\Desktop\Code\Html\ManaSystem\secretary_func\secretary.php on line 54
[05-Apr-2019 16:52:33 PRC] PHP Warning:  include(): Failed opening 'review_topic.php' for inclusion (include_path='D:\xampp\php\PEAR') in C:\Users\smile\Desktop\Code\Html\ManaSystem\secretary_func\secretary.php on line 54
[05-Apr-2019 16:52:54 PRC] PHP Warning:  include(link.php): failed to open stream: No such file or directory in C:\Users\smile\Desktop\Code\Html\ManaSystem\secretary_func\sec_review_topic_detail.php on line 2
[05-Apr-2019 16:52:54 PRC] PHP Warning:  include(): Failed opening 'link.php' for inclusion (include_path='D:\xampp\php\PEAR') in C:\Users\smile\Desktop\Code\Html\ManaSystem\secretary_func\sec_review_topic_detail.php on line 2
[05-Apr-2019 16:52:54 PRC] PHP Notice:  Undefined variable: link in C:\Users\smile\Desktop\Code\Html\ManaSystem\secretary_func\sec_review_topic_detail.php on line 7
[05-Apr-2019 16:52:54 PRC] PHP Warning:  mysqli_query() expects parameter 1 to be mysqli, null given in C:\Users\smile\Desktop\Code\Html\ManaSystem\secretary_func\sec_review_topic_detail.php on line 7
[05-Apr-2019 16:52:54 PRC] PHP Warning:  mysqli_fetch_array() expects parameter 1 to be mysqli_result, null given in C:\Users\smile\Desktop\Code\Html\ManaSystem\secretary_func\sec_review_topic_detail.php on line 22
[05-Apr-2019 17:10:03 PRC] PHP Warning:  include(../secretary_func/suggestion_detail.php): failed to open stream: No such file or directory in C:\Users\smile\Desktop\Code\Html\ManaSystem\tutor_func\tutor.php on line 85
[05-Apr-2019 17:10:03 PRC] PHP Warning:  include(): Failed opening '../secretary_func/suggestion_detail.php' for inclusion (include_path='D:\xampp\php\PEAR') in C:\Users\smile\Desktop\Code\Html\ManaSystem\tutor_func\tutor.php on line 85
[05-Apr-2019 17:13:15 PRC] PHP Warning:  include(stu_func_control.php): failed to open stream: No such file or directory in C:\Users\smile\Desktop\Code\Html\ManaSystem\secretary_func\secretary.php on line 68
[05-Apr-2019 17:13:15 PRC] PHP Warning:  include(): Failed opening 'stu_func_control.php' for inclusion (include_path='D:\xampp\php\PEAR') in C:\Users\smile\Desktop\Code\Html\ManaSystem\secretary_func\secretary.php on line 68
[05-Apr-2019 17:14:19 PRC] PHP Warning:  include(stu_func_control.php): failed to open stream: No such file or directory in C:\Users\smile\Desktop\Code\Html\ManaSystem\secretary_func\secretary.php on line 68
[05-Apr-2019 17:14:19 PRC] PHP Warning:  include(): Failed opening 'stu_func_control.php' for inclusion (include_path='D:\xampp\php\PEAR') in C:\Users\smile\Desktop\Code\Html\ManaSystem\secretary_func\secretary.php on line 68
[05-Apr-2019 17:14:43 PRC] PHP Warning:  include(sec_stu_query_control.php): failed to open stream: No such file or directory in C:\Users\smile\Desktop\Code\Html\ManaSystem\secretary_func\sec_stu_func_control.php on line 5
[05-Apr-2019 17:14:43 PRC] PHP Warning:  include(): Failed opening 'sec_stu_query_control.php' for inclusion (include_path='D:\xampp\php\PEAR') in C:\Users\smile\Desktop\Code\Html\ManaSystem\secretary_func\sec_stu_func_control.php on line 5
[05-Apr-2019 18:08:36 PRC] PHP Warning:  mysqli_query() expects at least 2 parameters, 1 given in C:\Users\smile\Desktop\Code\Html\ManaSystem\secretary_func\sec_stu_func_control.php on line 63
[05-Apr-2019 18:08:36 PRC] PHP Warning:  mysqli_num_rows() expects parameter 1 to be mysqli_result, null given in C:\Users\smile\Desktop\Code\Html\ManaSystem\secretary_func\sec_stu_func_control.php on line 64
[05-Apr-2019 18:12:06 PRC] PHP Notice:  Undefined variable: num_passed_topic in C:\Users\smile\Desktop\Code\Html\ManaSystem\secretary_func\sec_t_func_control.php on line 31
[05-Apr-2019 18:12:06 PRC] PHP Notice:  Undefined variable: num_topic in C:\Users\smile\Desktop\Code\Html\ManaSystem\secretary_func\sec_t_func_control.php on line 31
[05-Apr-2019 18:12:06 PRC] PHP Notice:  Undefined variable: num_topic in C:\Users\smile\Desktop\Code\Html\ManaSystem\secretary_func\sec_t_func_control.php on line 49
[05-Apr-2019 18:12:06 PRC] PHP Notice:  Undefined variable: num_topic in C:\Users\smile\Desktop\Code\Html\ManaSystem\secretary_func\sec_t_func_control.php on line 62
[05-Apr-2019 18:12:13 PRC] PHP Notice:  Undefined variable: num_passed_topic in C:\Users\smile\Desktop\Code\Html\ManaSystem\secretary_func\sec_t_func_control.php on line 31
[05-Apr-2019 18:12:13 PRC] PHP Notice:  Undefined variable: num_topic in C:\Users\smile\Desktop\Code\Html\ManaSystem\secretary_func\sec_t_func_control.php on line 31
[05-Apr-2019 18:12:13 PRC] PHP Notice:  Undefined variable: num_topic in C:\Users\smile\Desktop\Code\Html\ManaSystem\secretary_func\sec_t_func_control.php on line 49
[05-Apr-2019 18:12:13 PRC] PHP Notice:  Undefined variable: num_topic in C:\Users\smile\Desktop\Code\Html\ManaSystem\secretary_func\sec_t_func_control.php on line 62
[05-Apr-2019 18:12:18 PRC] PHP Notice:  Undefined variable: num_passed_topic in C:\Users\smile\Desktop\Code\Html\ManaSystem\secretary_func\sec_t_func_control.php on line 31
[05-Apr-2019 18:12:18 PRC] PHP Notice:  Undefined variable: num_topic in C:\Users\smile\Desktop\Code\Html\ManaSystem\secretary_func\sec_t_func_control.php on line 31
[05-Apr-2019 18:12:18 PRC] PHP Notice:  Undefined variable: num_topic in C:\Users\smile\Desktop\Code\Html\ManaSystem\secretary_func\sec_t_func_control.php on line 49
[05-Apr-2019 18:12:18 PRC] PHP Notice:  Undefined variable: num_topic in C:\Users\smile\Desktop\Code\Html\ManaSystem\secretary_func\sec_t_func_control.php on line 62
[05-Apr-2019 18:12:18 PRC] PHP Notice:  Undefined variable: num_passed_topic in C:\Users\smile\Desktop\Code\Html\ManaSystem\secretary_func\sec_t_func_control.php on line 31
[05-Apr-2019 18:12:18 PRC] PHP Notice:  Undefined variable: num_topic in C:\Users\smile\Desktop\Code\Html\ManaSystem\secretary_func\sec_t_func_control.php on line 31
[05-Apr-2019 18:12:18 PRC] PHP Notice:  Undefined variable: num_topic in C:\Users\smile\Desktop\Code\Html\ManaSystem\secretary_func\sec_t_func_control.php on line 49
[05-Apr-2019 18:12:18 PRC] PHP Notice:  Undefined variable: num_topic in C:\Users\smile\Desktop\Code\Html\ManaSystem\secretary_func\sec_t_func_control.php on line 62
[05-Apr-2019 18:33:43 PRC] PHP Notice:  Undefined index: topic in C:\Users\smile\Desktop\Code\Html\ManaSystem\tutor_func\t_topic.php on line 58
[05-Apr-2019 18:40:20 PRC] PHP Warning:  mysqli_num_rows() expects parameter 1 to be mysqli_result, bool given in C:\Users\smile\Desktop\Code\Html\ManaSystem\tutor_func\t_chose_student.php on line 7
[05-Apr-2019 19:41:41 PRC] PHP Notice:  Undefined variable: row in C:\Users\smile\Desktop\Code\Html\ManaSystem\tutor_func\t_topic.php on line 11
[05-Apr-2019 19:41:41 PRC] PHP Notice:  Undefined variable: row in C:\Users\smile\Desktop\Code\Html\ManaSystem\tutor_func\t_topic.php on line 19
[05-Apr-2019 19:41:41 PRC] PHP Notice:  Undefined variable: row in C:\Users\smile\Desktop\Code\Html\ManaSystem\tutor_func\t_topic.php on line 11
[05-Apr-2019 19:41:41 PRC] PHP Notice:  Undefined variable: row in C:\Users\smile\Desktop\Code\Html\ManaSystem\tutor_func\t_topic.php on line 19
[05-Apr-2019 19:41:41 PRC] PHP Notice:  Undefined variable: row in C:\Users\smile\Desktop\Code\Html\ManaSystem\tutor_func\t_topic.php on line 11
[05-Apr-2019 19:41:41 PRC] PHP Notice:  Undefined variable: row in C:\Users\smile\Desktop\Code\Html\ManaSystem\tutor_func\t_topic.php on line 19
[05-Apr-2019 19:42:14 PRC] PHP Notice:  Object of class mysqli could not be converted to int in C:\Users\smile\Desktop\Code\Html\ManaSystem\tutor_func\t_topic.php on line 11
[05-Apr-2019 19:42:14 PRC] PHP Notice:  Undefined variable: result in C:\Users\smile\Desktop\Code\Html\ManaSystem\tutor_func\t_topic.php on line 12
[05-Apr-2019 19:42:14 PRC] PHP Warning:  mysqli_fetch_array() expects parameter 1 to be mysqli_result, null given in C:\Users\smile\Desktop\Code\Html\ManaSystem\tutor_func\t_topic.php on line 12
[05-Apr-2019 19:42:14 PRC] PHP Warning:  mysqli_query() expects parameter 1 to be mysqli, object given in C:\Users\smile\Desktop\Code\Html\ManaSystem\tutor_func\t_topic.php on line 15
[05-Apr-2019 19:42:14 PRC] PHP Warning:  mysqli_num_rows() expects parameter 1 to be mysqli_result, null given in C:\Users\smile\Desktop\Code\Html\ManaSystem\tutor_func\t_topic.php on line 16
[05-Apr-2019 19:42:14 PRC] PHP Notice:  Object of class mysqli could not be converted to int in C:\Users\smile\Desktop\Code\Html\ManaSystem\tutor_func\t_topic.php on line 11
[05-Apr-2019 20:25:29 PRC] PHP Warning:  Use of undefined constant teacher_name - assumed 'teacher_name' (this will throw an Error in a future version of PHP) in C:\Users\smile\Desktop\Code\Html\ManaSystem\student_func\stu_chose_topic.php on line 11
[05-Apr-2019 20:26:31 PRC] PHP Warning:  Use of undefined constant teacher_name - assumed 'teacher_name' (this will throw an Error in a future version of PHP) in C:\Users\smile\Desktop\Code\Html\ManaSystem\student_func\stu_chose_topic.php on line 11
[05-Apr-2019 20:26:56 PRC] PHP Warning:  Use of undefined constant teacher_name - assumed 'teacher_name' (this will throw an Error in a future version of PHP) in C:\Users\smile\Desktop\Code\Html\ManaSystem\student_func\stu_chose_topic.php on line 11
[05-Apr-2019 20:27:14 PRC] PHP Warning:  Use of undefined constant teacher_name - assumed 'teacher_name' (this will throw an Error in a future version of PHP) in C:\Users\smile\Desktop\Code\Html\ManaSystem\student_func\stu_chose_topic.php on line 11
[05-Apr-2019 20:27:41 PRC] PHP Warning:  Use of undefined constant teacher_name - assumed 'teacher_name' (this will throw an Error in a future version of PHP) in C:\Users\smile\Desktop\Code\Html\ManaSystem\student_func\stu_chose_topic.php on line 11
[05-Apr-2019 21:05:32 PRC] PHP Notice:  Undefined variable: result_final in C:\Users\smile\Desktop\Code\Html\ManaSystem\student_func\stu_task_book_detail.php on line 28
[05-Apr-2019 21:05:32 PRC] PHP Warning:  mysqli_num_rows() expects parameter 1 to be mysqli_result, null given in C:\Users\smile\Desktop\Code\Html\ManaSystem\student_func\stu_task_book_detail.php on line 28
[05-Apr-2019 21:05:53 PRC] PHP Notice:  Undefined variable: result_final in C:\Users\smile\Desktop\Code\Html\ManaSystem\student_func\stu_task_book_detail.php on line 28
[05-Apr-2019 21:05:53 PRC] PHP Warning:  mysqli_num_rows() expects parameter 1 to be mysqli_result, null given in C:\Users\smile\Desktop\Code\Html\ManaSystem\student_func\stu_task_book_detail.php on line 28
[05-Apr-2019 21:06:42 PRC] PHP Notice:  Undefined variable: result_final in C:\Users\smile\Desktop\Code\Html\ManaSystem\student_func\stu_task_book_detail.php on line 28
[05-Apr-2019 21:06:42 PRC] PHP Warning:  mysqli_num_rows() expects parameter 1 to be mysqli_result, null given in C:\Users\smile\Desktop\Code\Html\ManaSystem\student_func\stu_task_book_detail.php on line 28
